
> react-typescript-starter@0.1.0 test
> react-scripts test "--coverage"

PASS src/tasks/components/StartAttempt.test.tsx
PASS src/tasks/components/TwoDice.test.tsx
PASS src/tasks/form-components/MultipleChoiceQuestion.test.tsx
PASS src/tasks/bad-components/ChooseTeam.test.tsx
PASS src/tasks/bad-components/DoubleHalf.test.tsx
PASS src/tasks/form-components/CheckAnswer.test.tsx
PASS src/tasks/form-components/EditMode.test.tsx
PASS src/tasks/components/ChangeType.test.tsx
PASS src/tasks/components/CycleHoliday.test.tsx
PASS src/tasks/form-components/GiveAttempts.test.tsx
PASS src/tasks/form-components/ChangeColor.test.tsx
PASS src/tasks/components/Counter.test.tsx
PASS src/tasks/components/RevealAnswer.test.tsx
PASS src/tasks/bad-components/ColoredBox.test.tsx
PASS src/tasks/bad-components/ShoveBox.test.tsx
PASS src/quizzer/Quizzer.test.tsx
PASS src/App.test.tsx
-----------------------------|---------|----------|---------|---------|-------------------
File                         | % Stmts | % Branch | % Funcs | % Lines | Uncovered Line #s 
-----------------------------|---------|----------|---------|---------|-------------------
All files                    |   53.05 |    41.83 |   52.59 |   52.65 |                   
 src                         |   66.66 |       50 |      50 |   66.66 |                   
  App.tsx                    |   66.66 |       50 |      50 |   66.66 | 16                
 src/interfaces              |       0 |        0 |       0 |       0 |                   
  question.ts                |       0 |        0 |       0 |       0 |                   
  quiz.ts                    |       0 |        0 |       0 |       0 |                   
 src/quizzer                 |   20.26 |    11.66 |   13.69 |   20.68 |                   
  AddQuizModal.tsx           |   33.33 |      100 |      20 |   33.33 | 17-21,37-56       
  QuestionEdit.tsx           |     2.7 |        0 |       0 |    2.85 | 22-256            
  QuizCard.tsx               |      80 |       80 |   66.66 |      80 | 25                
  QuizEdit.tsx               |     3.7 |        0 |       0 |       4 | 22-165            
  QuizExpanded.tsx           |    3.84 |        0 |       0 |       4 | 20-99             
  QuizList.tsx               |   63.63 |       75 |      60 |   63.63 | 22-23,27,48       
  QuizQuestion.tsx           |      10 |        0 |       0 |      10 | 23-61             
  QuizView.tsx               |      20 |        0 |       0 |      20 | 19-25             
  Quizzer.tsx                |   58.82 |        0 |      40 |   64.28 | 28-45             
 src/tasks                   |     100 |       50 |     100 |     100 |                   
  ShowHideTasks.tsx          |     100 |       50 |     100 |     100 | 21                
 src/tasks/bad-components    |     100 |       50 |     100 |     100 |                   
  ChooseTeam.tsx             |     100 |       50 |     100 |     100 | 18                
  ColoredBox.tsx             |     100 |      100 |     100 |     100 |                   
  DoubleHalf.tsx             |     100 |      100 |     100 |     100 |                   
  ShoveBox.tsx               |     100 |      100 |     100 |     100 |                   
 src/tasks/components        |     100 |      100 |     100 |     100 |                   
  ChangeType.tsx             |     100 |      100 |     100 |     100 |                   
  Counter.tsx                |     100 |      100 |     100 |     100 |                   
  CycleHoliday.tsx           |     100 |      100 |     100 |     100 |                   
  RevealAnswer.tsx           |     100 |      100 |     100 |     100 |                   
  StartAttempt.tsx           |     100 |      100 |     100 |     100 |                   
  TwoDice.tsx                |     100 |      100 |     100 |     100 |                   
 src/tasks/form-components   |     100 |      100 |     100 |     100 |                   
  ChangeColor.tsx            |     100 |      100 |     100 |     100 |                   
  CheckAnswer.tsx            |     100 |      100 |     100 |     100 |                   
  EditMode.tsx               |     100 |      100 |     100 |     100 |                   
  GiveAttempts.tsx           |     100 |      100 |     100 |     100 |                   
  MultipleChoiceQuestion.tsx |     100 |      100 |     100 |     100 |                   
-----------------------------|---------|----------|---------|---------|-------------------

Test Suites: 17 passed, 17 total
Tests:       95 passed, 95 total
Snapshots:   0 total
Time:        13.378 s
Ran all test suites.
